<?xml version="1.0" encoding="UTF-8"?>
<testng-results skipped="0" failed="2" ignored="0" total="5" passed="3">
  <reporter-output>
  </reporter-output>
  <suite name="Default suite" duration-ms="88158" started-at="2017-06-16T00:11:23Z" finished-at="2017-06-16T00:12:51Z">
    <groups>
    </groups>
    <test name="Default test" duration-ms="88158" started-at="2017-06-16T00:11:23Z" finished-at="2017-06-16T00:12:51Z">
      <class name="MainProject.ProjectTest">
        <test-method status="PASS" signature="htmlReport()[pri:0, instance:MainProject.ProjectTest@4bec1f0c]" name="htmlReport" is-config="true" duration-ms="241" started-at="2017-06-15T20:11:23Z" finished-at="2017-06-15T20:11:23Z">
          <reporter-output>
          </reporter-output>
        </test-method> <!-- htmlReport -->
        <test-method status="PASS" signature="browser()[pri:0, instance:MainProject.ProjectTest@4bec1f0c]" name="browser" is-config="true" duration-ms="8690" started-at="2017-06-15T20:11:23Z" finished-at="2017-06-15T20:11:32Z">
          <reporter-output>
          </reporter-output>
        </test-method> <!-- browser -->
        <test-method status="FAIL" signature="accountCreat()[pri:0, instance:MainProject.ProjectTest@4bec1f0c]" name="accountCreat" duration-ms="2072" started-at="2017-06-15T20:11:32Z" finished-at="2017-06-15T20:11:34Z">
          <exception class="java.lang.AssertionError">
            <message>
              <![CDATA[expected [#ff0000] but found [#fff1f2]]]>
            </message>
            <full-stacktrace>
              <![CDATA[java.lang.AssertionError: expected [#ff0000] but found [#fff1f2]
	at org.testng.Assert.fail(Assert.java:93)
	at org.testng.Assert.failNotEquals(Assert.java:512)
	at org.testng.Assert.assertEqualsImpl(Assert.java:134)
	at org.testng.Assert.assertEquals(Assert.java:115)
	at org.testng.Assert.assertEquals(Assert.java:189)
	at org.testng.Assert.assertEquals(Assert.java:199)
	at MainProject.ProjectTest.accountCreat(ProjectTest.java:98)
	at sun.reflect.NativeMethodAccessorImpl.invoke0(Native Method)
	at sun.reflect.NativeMethodAccessorImpl.invoke(Unknown Source)
	at sun.reflect.DelegatingMethodAccessorImpl.invoke(Unknown Source)
	at java.lang.reflect.Method.invoke(Unknown Source)
	at org.testng.internal.MethodInvocationHelper.invokeMethod(MethodInvocationHelper.java:108)
	at org.testng.internal.Invoker.invokeMethod(Invoker.java:661)
	at org.testng.internal.Invoker.invokeTestMethod(Invoker.java:869)
	at org.testng.internal.Invoker.invokeTestMethods(Invoker.java:1193)
	at org.testng.internal.TestMethodWorker.invokeTestMethods(TestMethodWorker.java:126)
	at org.testng.internal.TestMethodWorker.run(TestMethodWorker.java:109)
	at org.testng.TestRunner.privateRun(TestRunner.java:744)
	at org.testng.TestRunner.run(TestRunner.java:602)
	at org.testng.SuiteRunner.runTest(SuiteRunner.java:380)
	at org.testng.SuiteRunner.runSequentially(SuiteRunner.java:375)
	at org.testng.SuiteRunner.privateRun(SuiteRunner.java:340)
	at org.testng.SuiteRunner.run(SuiteRunner.java:289)
	at org.testng.SuiteRunnerWorker.runSuite(SuiteRunnerWorker.java:52)
	at org.testng.SuiteRunnerWorker.run(SuiteRunnerWorker.java:86)
	at org.testng.TestNG.runSuitesSequentially(TestNG.java:1301)
	at org.testng.TestNG.runSuitesLocally(TestNG.java:1226)
	at org.testng.TestNG.runSuites(TestNG.java:1144)
	at org.testng.TestNG.run(TestNG.java:1115)
	at org.testng.remote.AbstractRemoteTestNG.run(AbstractRemoteTestNG.java:132)
	at org.testng.remote.RemoteTestNG.initAndRun(RemoteTestNG.java:230)
	at org.testng.remote.RemoteTestNG.main(RemoteTestNG.java:76)
]]>
            </full-stacktrace>
          </exception> <!-- java.lang.AssertionError -->
          <reporter-output>
          </reporter-output>
        </test-method> <!-- accountCreat -->
        <test-method status="PASS" signature="browserClose(org.testng.ITestResult)[pri:0, instance:MainProject.ProjectTest@4bec1f0c]" name="browserClose" is-config="true" duration-ms="1584" started-at="2017-06-15T20:11:34Z" finished-at="2017-06-15T20:11:36Z">
          <params>
            <param index="0">
              <value>
                <![CDATA[[TestResult name=accountCreat status=FAILURE method=ProjectTest.accountCreat()[pri:0, instance:MainProject.ProjectTest@4bec1f0c] output={null}]]]>
              </value>
            </param>
          </params>
          <reporter-output>
          </reporter-output>
        </test-method> <!-- browserClose -->
        <test-method status="PASS" signature="browser()[pri:0, instance:MainProject.ProjectTest@4bec1f0c]" name="browser" is-config="true" duration-ms="8785" started-at="2017-06-15T20:11:36Z" finished-at="2017-06-15T20:11:44Z">
          <reporter-output>
          </reporter-output>
        </test-method> <!-- browser -->
        <test-method status="PASS" signature="validAccountCreate()[pri:1, instance:MainProject.ProjectTest@4bec1f0c]" name="validAccountCreate" duration-ms="2826" started-at="2017-06-15T20:11:44Z" finished-at="2017-06-15T20:11:47Z">
          <reporter-output>
          </reporter-output>
        </test-method> <!-- validAccountCreate -->
        <test-method status="PASS" signature="browserClose(org.testng.ITestResult)[pri:0, instance:MainProject.ProjectTest@4bec1f0c]" name="browserClose" is-config="true" duration-ms="1156" started-at="2017-06-15T20:11:47Z" finished-at="2017-06-15T20:11:48Z">
          <params>
            <param index="0">
              <value>
                <![CDATA[[TestResult name=validAccountCreate status=SUCCESS method=ProjectTest.validAccountCreate()[pri:1, instance:MainProject.ProjectTest@4bec1f0c] output={null}]]]>
              </value>
            </param>
          </params>
          <reporter-output>
          </reporter-output>
        </test-method> <!-- browserClose -->
        <test-method status="PASS" signature="browser()[pri:0, instance:MainProject.ProjectTest@4bec1f0c]" name="browser" is-config="true" duration-ms="6659" started-at="2017-06-15T20:11:48Z" finished-at="2017-06-15T20:11:55Z">
          <reporter-output>
          </reporter-output>
        </test-method> <!-- browser -->
        <test-method status="PASS" signature="createNewValidAccount()[pri:2, instance:MainProject.ProjectTest@4bec1f0c]" name="createNewValidAccount" duration-ms="20205" started-at="2017-06-15T20:11:55Z" finished-at="2017-06-15T20:12:15Z">
          <reporter-output>
          </reporter-output>
        </test-method> <!-- createNewValidAccount -->
        <test-method status="PASS" signature="browserClose(org.testng.ITestResult)[pri:0, instance:MainProject.ProjectTest@4bec1f0c]" name="browserClose" is-config="true" duration-ms="1043" started-at="2017-06-15T20:12:15Z" finished-at="2017-06-15T20:12:16Z">
          <params>
            <param index="0">
              <value>
                <![CDATA[[TestResult name=createNewValidAccount status=SUCCESS method=ProjectTest.createNewValidAccount()[pri:2, instance:MainProject.ProjectTest@4bec1f0c] output={null}]]]>
              </value>
            </param>
          </params>
          <reporter-output>
          </reporter-output>
        </test-method> <!-- browserClose -->
        <test-method status="PASS" signature="browser()[pri:0, instance:MainProject.ProjectTest@4bec1f0c]" name="browser" is-config="true" duration-ms="6550" started-at="2017-06-15T20:12:16Z" finished-at="2017-06-15T20:12:23Z">
          <reporter-output>
          </reporter-output>
        </test-method> <!-- browser -->
        <test-method status="FAIL" signature="productSearch()[pri:3, instance:MainProject.ProjectTest@4bec1f0c]" name="productSearch" duration-ms="1906" started-at="2017-06-15T20:12:23Z" finished-at="2017-06-15T20:12:25Z">
          <exception class="java.lang.AssertionError">
            <message>
              <![CDATA[One of the Products cost more than $50 expected [true] but found [false]]]>
            </message>
            <full-stacktrace>
              <![CDATA[java.lang.AssertionError: One of the Products cost more than $50 expected [true] but found [false]
	at org.testng.Assert.fail(Assert.java:93)
	at org.testng.Assert.failNotEquals(Assert.java:512)
	at org.testng.Assert.assertTrue(Assert.java:41)
	at MainProject.ProjectTest.productSearch(ProjectTest.java:206)
	at sun.reflect.NativeMethodAccessorImpl.invoke0(Native Method)
	at sun.reflect.NativeMethodAccessorImpl.invoke(Unknown Source)
	at sun.reflect.DelegatingMethodAccessorImpl.invoke(Unknown Source)
	at java.lang.reflect.Method.invoke(Unknown Source)
	at org.testng.internal.MethodInvocationHelper.invokeMethod(MethodInvocationHelper.java:108)
	at org.testng.internal.Invoker.invokeMethod(Invoker.java:661)
	at org.testng.internal.Invoker.invokeTestMethod(Invoker.java:869)
	at org.testng.internal.Invoker.invokeTestMethods(Invoker.java:1193)
	at org.testng.internal.TestMethodWorker.invokeTestMethods(TestMethodWorker.java:126)
	at org.testng.internal.TestMethodWorker.run(TestMethodWorker.java:109)
	at org.testng.TestRunner.privateRun(TestRunner.java:744)
	at org.testng.TestRunner.run(TestRunner.java:602)
	at org.testng.SuiteRunner.runTest(SuiteRunner.java:380)
	at org.testng.SuiteRunner.runSequentially(SuiteRunner.java:375)
	at org.testng.SuiteRunner.privateRun(SuiteRunner.java:340)
	at org.testng.SuiteRunner.run(SuiteRunner.java:289)
	at org.testng.SuiteRunnerWorker.runSuite(SuiteRunnerWorker.java:52)
	at org.testng.SuiteRunnerWorker.run(SuiteRunnerWorker.java:86)
	at org.testng.TestNG.runSuitesSequentially(TestNG.java:1301)
	at org.testng.TestNG.runSuitesLocally(TestNG.java:1226)
	at org.testng.TestNG.runSuites(TestNG.java:1144)
	at org.testng.TestNG.run(TestNG.java:1115)
	at org.testng.remote.AbstractRemoteTestNG.run(AbstractRemoteTestNG.java:132)
	at org.testng.remote.RemoteTestNG.initAndRun(RemoteTestNG.java:230)
	at org.testng.remote.RemoteTestNG.main(RemoteTestNG.java:76)
]]>
            </full-stacktrace>
          </exception> <!-- java.lang.AssertionError -->
          <reporter-output>
          </reporter-output>
        </test-method> <!-- productSearch -->
        <test-method status="PASS" signature="browserClose(org.testng.ITestResult)[pri:0, instance:MainProject.ProjectTest@4bec1f0c]" name="browserClose" is-config="true" duration-ms="1120" started-at="2017-06-15T20:12:25Z" finished-at="2017-06-15T20:12:26Z">
          <params>
            <param index="0">
              <value>
                <![CDATA[[TestResult name=productSearch status=FAILURE method=ProjectTest.productSearch()[pri:3, instance:MainProject.ProjectTest@4bec1f0c] output={null}]]]>
              </value>
            </param>
          </params>
          <reporter-output>
          </reporter-output>
        </test-method> <!-- browserClose -->
        <test-method status="PASS" signature="browser()[pri:0, instance:MainProject.ProjectTest@4bec1f0c]" name="browser" is-config="true" duration-ms="6773" started-at="2017-06-15T20:12:26Z" finished-at="2017-06-15T20:12:33Z">
          <reporter-output>
          </reporter-output>
        </test-method> <!-- browser -->
        <test-method status="PASS" signature="addCart()[pri:4, instance:MainProject.ProjectTest@4bec1f0c]" name="addCart" duration-ms="17731" started-at="2017-06-15T20:12:33Z" finished-at="2017-06-15T20:12:50Z">
          <reporter-output>
          </reporter-output>
        </test-method> <!-- addCart -->
        <test-method status="PASS" signature="browserClose(org.testng.ITestResult)[pri:0, instance:MainProject.ProjectTest@4bec1f0c]" name="browserClose" is-config="true" duration-ms="990" started-at="2017-06-15T20:12:50Z" finished-at="2017-06-15T20:12:51Z">
          <params>
            <param index="0">
              <value>
                <![CDATA[[TestResult name=addCart status=SUCCESS method=ProjectTest.addCart()[pri:4, instance:MainProject.ProjectTest@4bec1f0c] output={null}]]]>
              </value>
            </param>
          </params>
          <reporter-output>
          </reporter-output>
        </test-method> <!-- browserClose -->
      </class> <!-- MainProject.ProjectTest -->
    </test> <!-- Default test -->
  </suite> <!-- Default suite -->
</testng-results>
